hello: 1402568193
hello: 1402568585
hello: 1402568908
hello: 1402569288
hello: 1402569635
hello: 1402569900
hello: 1402569928
hello: 1402569975
hello: 1402570506
hello: 1402570741
hello: 1402571252
hello: 1402571925
hello: 1402572002
hello: 1402572550
hello: 1402573325
hello: 1402573489
hello: 1402574234
hello: 1402574393
hello: 1402574788
hello: 1402574815
hello: 1402574879
hello: 1402575005
hello: 1402575102
hello: 1402575173
hello: 1402575377
hello: 1402575424
hello: 1402575458
hello: 1402575632
hello: 1402575842
hello: 1402576656
hello: 1402576905
hello: 1402577111
hello: 1402577284
hello: 1402577618
hello: 1402578010
hello: 1402584612
hello: 1402584717
hello: 1402585308
hello: 1402610297
hello: 1402644486
hello: 1402647231
